app/build/outputs/logs/manifest-merger-debug-report.txt
-- Merging decision tree log ---
manifest
ADDED from src\main\AndroidManifest.xml:2:1-20:12
INJECTED from src\main\AndroidManifest.xml:2:1-20:12
INJECTED from src\main\AndroidManifest.xml:2:1-20:12
MERGED from [:installerlibrary] AndroidManifest.xml:2:1-49:12
MERGED from [com.android.support:appcompat-v7:27.1.1] AndroidManifest.xml:17:1-22:12
MERGED from [com.android.support:support-fragment:27.1.1] AndroidManifest.xml:17:1-22:12
MERGED from [com.android.support:animated-vector-drawable:27.1.1] AndroidManifest.xml:17:1-22:12
MERGED from [com.android.support:support-core-ui:27.1.1] AndroidManifest.xml:17:1-22:12
MERGED from [com.android.support:support-core-utils:27.1.1] AndroidManifest.xml:17:1-22:12
MERGED from [com.android.support:support-vector-drawable:27.1.1] AndroidManifest.xml:17:1-22:12
MERGED from [com.android.support:support-compat:27.1.1] AndroidManifest.xml:17:1-22:12
MERGED from [android.arch.lifecycle:livedata-core:1.1.0] AndroidManifest.xml:17:1-22:12
MERGED from [android.arch.lifecycle:viewmodel:1.1.0] AndroidManifest.xml:17:1-22:12
MERGED from [android.arch.lifecycle:runtime:1.1.0] AndroidManifest.xml:17:1-22:12
MERGED from [android.arch.core:runtime:1.1.0] AndroidManifest.xml:17:1-22:12
INJECTED from src\main\AndroidManifest.xml:2:1-20:12
INJECTED from src\main\AndroidManifest.xml:2:1-20:12
	package
		ADDED from src\main\AndroidManifest.xml:3:11-43
	android:versionName
		INJECTED from src\main\AndroidManifest.xml
		ADDED from src\main\AndroidManifest.xml:2:1-20:12
		INJECTED from src\main\AndroidManifest.xml
	android:versionCode
		INJECTED from src\main\AndroidManifest.xml
		ADDED from src\main\AndroidManifest.xml:2:1-20:12
		INJECTED from src\main\AndroidManifest.xml
	xmlns:android
		ADDED from src\main\AndroidManifest.xml:2:11-69
application
ADDED from src\main\AndroidManifest.xml:5:5-18:19
MERGED from [:installerlibrary] AndroidManifest.xml:20:5-47:19
MERGED from [:installerlibrary] AndroidManifest.xml:20:5-47:19
	android:supportsRtl
		ADDED from src\main\AndroidManifest.xml:9:9-35
	android:label
		ADDED from src\main\AndroidManifest.xml:8:9-41
	android:icon
		ADDED from src\main\AndroidManifest.xml:7:9-43
	android:allowBackup
		ADDED from src\main\AndroidManifest.xml:6:9-35
	android:theme
		ADDED from src\main\AndroidManifest.xml:10:9-40
activity#top.wuhaojie.installer.MainActivity
ADDED from src\main\AndroidManifest.xml:11:9-17:20
	android:name
		ADDED from src\main\AndroidManifest.xml:11:19-47
intent-filter#action:name:android.intent.action.MAIN+category:name:android.intent.category.LAUNCHER
ADDED from src\main\AndroidManifest.xml:12:13-16:29
action#android.intent.action.MAIN
ADDED from src\main\AndroidManifest.xml:13:17-68
	android:name
		ADDED from src\main\AndroidManifest.xml:13:25-66
category#android.intent.category.LAUNCHER
ADDED from src\main\AndroidManifest.xml:15:17-76
	android:name
		ADDED from src\main\AndroidManifest.xml:15:27-74
uses-sdk
INJECTED from src\main\AndroidManifest.xml reason: use-sdk injection requested
INJECTED from src\main\AndroidManifest.xml
INJECTED from src\main\AndroidManifest.xml
MERGED from [:installerlibrary] AndroidManifest.xml:7:5-9:41
MERGED from [:installerlibrary] AndroidManifest.xml:7:5-9:41
MERGED from [com.android.support:appcompat-v7:27.1.1] AndroidManifest.xml:20:5-44
MERGED from [com.android.support:appcompat-v7:27.1.1] AndroidManifest.xml:20:5-44
MERGED from [com.android.support:support-fragment:27.1.1] AndroidManifest.xml:20:5-44
MERGED from [com.android.support:support-fragment:27.1.1] AndroidManifest.xml:20:5-44
MERGED from [com.android.support:animated-vector-drawable:27.1.1] AndroidManifest.xml:20:5-44
MERGED from [com.android.support:animated-vector-drawable:27.1.1] AndroidManifest.xml:20:5-44
MERGED from [com.android.support:support-core-ui:27.1.1] AndroidManifest.xml:20:5-44
MERGED from [com.android.support:support-core-ui:27.1.1] AndroidManifest.xml:20:5-44
MERGED from [com.android.support:support-core-utils:27.1.1] AndroidManifest.xml:20:5-44
MERGED from [com.android.support:support-core-utils:27.1.1] AndroidManifest.xml:20:5-44
MERGED from [com.android.support:support-vector-drawable:27.1.1] AndroidManifest.xml:20:5-44
MERGED from [com.android.support:support-vector-drawable:27.1.1] AndroidManifest.xml:20:5-44
MERGED from [com.android.support:support-compat:27.1.1] AndroidManifest.xml:20:5-44
MERGED from [com.android.support:support-compat:27.1.1] AndroidManifest.xml:20:5-44
MERGED from [android.arch.lifecycle:livedata-core:1.1.0] AndroidManifest.xml:20:5-44
MERGED from [android.arch.lifecycle:livedata-core:1.1.0] AndroidManifest.xml:20:5-44
MERGED from [android.arch.lifecycle:viewmodel:1.1.0] AndroidManifest.xml:20:5-44
MERGED from [android.arch.lifecycle:viewmodel:1.1.0] AndroidManifest.xml:20:5-44
MERGED from [android.arch.lifecycle:runtime:1.1.0] AndroidManifest.xml:20:5-44
MERGED from [android.arch.lifecycle:runtime:1.1.0] AndroidManifest.xml:20:5-44
MERGED from [android.arch.core:runtime:1.1.0] AndroidManifest.xml:20:5-44
MERGED from [android.arch.core:runtime:1.1.0] AndroidManifest.xml:20:5-44
INJECTED from src\main\AndroidManifest.xml
INJECTED from src\main\AndroidManifest.xml
	android:targetSdkVersion
		INJECTED from src\main\AndroidManifest.xml
		ADDED from src\main\AndroidManifest.xml
		INJECTED from src\main\AndroidManifest.xml
	android:minSdkVersion
		INJECTED from src\main\AndroidManifest.xml
		ADDED from src\main\AndroidManifest.xml
		INJECTED from src\main\AndroidManifest.xml
uses-permission#android.permission.BIND_ACCESSIBILITY_SERVICE
ADDED from [:installerlibrary] AndroidManifest.xml:12:5-85
	android:name
		ADDED from [:installerlibrary] AndroidManifest.xml:12:22-82
uses-permission#android.permission.INTERNET
ADDED from [:installerlibrary] AndroidManifest.xml:13:5-67
	android:name
		ADDED from [:installerlibrary] AndroidManifest.xml:13:22-64
uses-permission#android.permission.WRITE_EXTERNAL_STORAGE
ADDED from [:installerlibrary] AndroidManifest.xml:14:5-81
	android:name
		ADDED from [:installerlibrary] AndroidManifest.xml:14:22-78
uses-permission#android.permission.READ_EXTERNAL_STORAGE
ADDED from [:installerlibrary] AndroidManifest.xml:15:5-80
	android:name
		ADDED from [:installerlibrary] AndroidManifest.xml:15:22-77
uses-permission#android.permission.MOUNT_UNMOUNT_FILESYSTEMS
ADDED from [:installerlibrary] AndroidManifest.xml:16:5-84
	android:name
		ADDED from [:installerlibrary] AndroidManifest.xml:16:22-81
uses-permission#android.permission.REQUEST_INSTALL_PACKAGES
ADDED from [:installerlibrary] AndroidManifest.xml:17:5-83
	android:name
		ADDED from [:installerlibrary] AndroidManifest.xml:17:22-80
service#top.wuhaojie.installerlibrary.InstallAccessibilityService
ADDED from [:installerlibrary] AndroidManifest.xml:24:9-36:19
	android:enabled
		ADDED from [:installerlibrary] AndroidManifest.xml:26:13-35
	android:exported
		ADDED from [:installerlibrary] AndroidManifest.xml:27:13-36
	android:permission
		ADDED from [:installerlibrary] AndroidManifest.xml:28:13-79
	android:name
		ADDED from [:installerlibrary] AndroidManifest.xml:25:13-85
intent-filter#action:name:android.accessibilityservice.AccessibilityService
ADDED from [:installerlibrary] AndroidManifest.xml:29:13-31:29
action#android.accessibilityservice.AccessibilityService
ADDED from [:installerlibrary] AndroidManifest.xml:30:17-92
	android:name
		ADDED from [:installerlibrary] AndroidManifest.xml:30:25-89
meta-data#android.accessibilityservice
ADDED from [:installerlibrary] AndroidManifest.xml:33:13-35:72
	android:resource
		ADDED from [:installerlibrary] AndroidManifest.xml:35:17-69
	android:name
		ADDED from [:installerlibrary] AndroidManifest.xml:34:17-60
provider#android.support.v4.content.FileProvider
ADDED from [:installerlibrary] AndroidManifest.xml:38:9-46:20
	android:grantUriPermissions
		ADDED from [:installerlibrary] AndroidManifest.xml:42:13-47
	android:authorities
		ADDED from [:installerlibrary] AndroidManifest.xml:40:13-77
	android:exported
		ADDED from [:installerlibrary] AndroidManifest.xml:41:13-37
	android:name
		ADDED from [:installerlibrary] AndroidManifest.xml:39:13-67
meta-data#android.support.FILE_PROVIDER_PATHS
ADDED from [:installerlibrary] AndroidManifest.xml:43:13-45:54
	android:resource
		ADDED from [:installerlibrary] AndroidManifest.xml:45:17-51
	android:name
		ADDED from [:installerlibrary] AndroidManifest.xml:44:17-67